<?xml version="1.0" encoding="UTF-8"?>
<testng-results ignored="0" total="1" passed="1" failed="0" skipped="0">
  <reporter-output>
  </reporter-output>
  <suite started-at="2025-05-12T18:51:27 IST" name="Default suite" finished-at="2025-05-12T18:51:33 IST" duration-ms="6052">
    <groups>
    </groups>
    <test started-at="2025-05-12T18:51:27 IST" name="Default test" finished-at="2025-05-12T18:51:33 IST" duration-ms="6052">
      <class name="Ecommerce.Login">
        <test-method signature="post()[pri:0, instance:Ecommerce.Login@18078bef]" started-at="2025-05-12T18:51:27 IST" name="post" finished-at="2025-05-12T18:51:33 IST" duration-ms="5940" status="PASS">
          <reporter-output>
          </reporter-output>
        </test-method> <!-- post -->
      </class> <!-- Ecommerce.Login -->
    </test> <!-- Default test -->
  </suite> <!-- Default suite -->
</testng-results>
